{"/Users/samuel/Desktop/GIT_REPO/Samuel/bank/kuboyd/app/app.js": {"path":"/Users/samuel/Desktop/GIT_REPO/Samuel/bank/kuboyd/app/app.js","statementMap":{"0":{"start":{"line":1,"column":0},"end":{"line":1,"column":27}},"1":{"start":{"line":2,"column":16},"end":{"line":2,"column":34}},"2":{"start":{"line":3,"column":12},"end":{"line":3,"column":21}},"3":{"start":{"line":4,"column":13},"end":{"line":4,"column":28}},"4":{"start":{"line":5,"column":15},"end":{"line":5,"column":32}},"5":{"start":{"line":6,"column":15},"end":{"line":6,"column":32}},"6":{"start":{"line":7,"column":20},"end":{"line":7,"column":42}},"7":{"start":{"line":9,"column":0},"end":{"line":9,"column":23}},"8":{"start":{"line":10,"column":0},"end":{"line":10,"column":18}},"9":{"start":{"line":11,"column":0},"end":{"line":11,"column":16}},"10":{"start":{"line":12,"column":0},"end":{"line":12,"column":23}},"11":{"start":{"line":13,"column":0},"end":{"line":13,"column":24}},"12":{"start":{"line":14,"column":0},"end":{"line":14,"column":49}},"13":{"start":{"line":16,"column":0},"end":{"line":18,"column":2}},"14":{"start":{"line":17,"column":2},"end":{"line":17,"column":60}},"15":{"start":{"line":20,"column":15},"end":{"line":20,"column":35}},"16":{"start":{"line":22,"column":0},"end":{"line":22,"column":21}},"17":{"start":{"line":24,"column":0},"end":{"line":24,"column":21}}},"fnMap":{"0":{"name":"(anonymous_0)","decl":{"start":{"line":16,"column":13},"end":{"line":16,"column":14}},"loc":{"start":{"line":17,"column":2},"end":{"line":17,"column":60}},"line":17}},"branchMap":{},"s":{"0":1,"1":1,"2":1,"3":1,"4":1,"5":1,"6":1,"7":1,"8":1,"9":1,"10":1,"11":1,"12":1,"13":1,"14":0,"15":1,"16":1,"17":1},"f":{"0":0},"b":{},"_coverageSchema":"1a1c01bbd47fc00a2c39e90264f33305004495a9","hash":"2a28cff6a75e11ce01f6ff926e25ddbeb10a72a5"}
,"/Users/samuel/Desktop/GIT_REPO/Samuel/bank/kuboyd/config/db.js": {"path":"/Users/samuel/Desktop/GIT_REPO/Samuel/bank/kuboyd/config/db.js","statementMap":{"0":{"start":{"line":1,"column":17},"end":{"line":1,"column":36}},"1":{"start":{"line":4,"column":56},"end":{"line":4,"column":67}},"2":{"start":{"line":7,"column":0},"end":{"line":37,"column":2}},"3":{"start":{"line":9,"column":4},"end":{"line":19,"column":5}},"4":{"start":{"line":10,"column":6},"end":{"line":15,"column":9}},"5":{"start":{"line":16,"column":6},"end":{"line":16,"column":52}},"6":{"start":{"line":18,"column":6},"end":{"line":18,"column":25}},"7":{"start":{"line":23,"column":4},"end":{"line":33,"column":5}},"8":{"start":{"line":24,"column":6},"end":{"line":29,"column":9}},"9":{"start":{"line":30,"column":6},"end":{"line":30,"column":52}},"10":{"start":{"line":32,"column":6},"end":{"line":32,"column":25}},"11":{"start":{"line":36,"column":24},"end":{"line":36,"column":49}}},"fnMap":{"0":{"name":"(anonymous_0)","decl":{"start":{"line":8,"column":11},"end":{"line":8,"column":12}},"loc":{"start":{"line":8,"column":17},"end":{"line":20,"column":3}},"line":8},"1":{"name":"(anonymous_1)","decl":{"start":{"line":22,"column":16},"end":{"line":22,"column":17}},"loc":{"start":{"line":22,"column":22},"end":{"line":34,"column":3}},"line":22},"2":{"name":"(anonymous_2)","decl":{"start":{"line":36,"column":14},"end":{"line":36,"column":15}},"loc":{"start":{"line":36,"column":24},"end":{"line":36,"column":49}},"line":36}},"branchMap":{"0":{"loc":{"start":{"line":10,"column":23},"end":{"line":10,"column":72}},"type":"cond-expr","locations":[{"start":{"line":10,"column":50},"end":{"line":10,"column":60}},{"start":{"line":10,"column":63},"end":{"line":10,"column":72}}],"line":10}},"s":{"0":1,"1":1,"2":1,"3":0,"4":0,"5":0,"6":0,"7":1,"8":1,"9":1,"10":0,"11":1},"f":{"0":0,"1":1,"2":1},"b":{"0":[0,0]},"_coverageSchema":"1a1c01bbd47fc00a2c39e90264f33305004495a9","hash":"2170f1dc84d436aa309b73c75bf5e50227594fa8"}
,"/Users/samuel/Desktop/GIT_REPO/Samuel/bank/kuboyd/controllers/account.controller.js": {"path":"/Users/samuel/Desktop/GIT_REPO/Samuel/bank/kuboyd/controllers/account.controller.js","statementMap":{"0":{"start":{"line":1,"column":16},"end":{"line":1,"column":51}},"1":{"start":{"line":2,"column":12},"end":{"line":2,"column":51}},"2":{"start":{"line":3,"column":23},"end":{"line":3,"column":52}},"3":{"start":{"line":4,"column":11},"end":{"line":4,"column":39}},"4":{"start":{"line":7,"column":0},"end":{"line":138,"column":2}},"5":{"start":{"line":12,"column":57},"end":{"line":12,"column":65}},"6":{"start":{"line":13,"column":26},"end":{"line":13,"column":47}},"7":{"start":{"line":14,"column":4},"end":{"line":26,"column":5}},"8":{"start":{"line":15,"column":22},"end":{"line":22,"column":8}},"9":{"start":{"line":23,"column":6},"end":{"line":23,"column":24}},"10":{"start":{"line":25,"column":6},"end":{"line":25,"column":56}},"11":{"start":{"line":25,"column":17},"end":{"line":25,"column":56}},"12":{"start":{"line":31,"column":4},"end":{"line":54,"column":5}},"13":{"start":{"line":32,"column":23},"end":{"line":32,"column":45}},"14":{"start":{"line":33,"column":6},"end":{"line":51,"column":8}},"15":{"start":{"line":35,"column":10},"end":{"line":49,"column":12}},"16":{"start":{"line":53,"column":6},"end":{"line":53,"column":80}},"17":{"start":{"line":58,"column":19},"end":{"line":58,"column":28}},"18":{"start":{"line":59,"column":4},"end":{"line":79,"column":5}},"19":{"start":{"line":60,"column":22},"end":{"line":60,"column":52}},"20":{"start":{"line":61,"column":6},"end":{"line":74,"column":9}},"21":{"start":{"line":76,"column":6},"end":{"line":78,"column":8}},"22":{"start":{"line":83,"column":26},"end":{"line":83,"column":35}},"23":{"start":{"line":84,"column":4},"end":{"line":111,"column":5}},"24":{"start":{"line":85,"column":22},"end":{"line":85,"column":70}},"25":{"start":{"line":86,"column":6},"end":{"line":106,"column":7}},"26":{"start":{"line":87,"column":8},"end":{"line":100,"column":11}},"27":{"start":{"line":102,"column":8},"end":{"line":105,"column":11}},"28":{"start":{"line":110,"column":6},"end":{"line":110,"column":67}},"29":{"start":{"line":115,"column":23},"end":{"line":115,"column":32}},"30":{"start":{"line":116,"column":4},"end":{"line":124,"column":5}},"31":{"start":{"line":117,"column":22},"end":{"line":117,"column":66}},"32":{"start":{"line":118,"column":6},"end":{"line":121,"column":9}},"33":{"start":{"line":123,"column":6},"end":{"line":123,"column":45}},"34":{"start":{"line":128,"column":19},"end":{"line":128,"column":28}},"35":{"start":{"line":129,"column":4},"end":{"line":136,"column":5}},"36":{"start":{"line":130,"column":6},"end":{"line":130,"column":38}},"37":{"start":{"line":131,"column":6},"end":{"line":131,"column":47}},"38":{"start":{"line":133,"column":6},"end":{"line":135,"column":8}}},"fnMap":{"0":{"name":"(anonymous_0)","decl":{"start":{"line":8,"column":17},"end":{"line":8,"column":18}},"loc":{"start":{"line":8,"column":37},"end":{"line":27,"column":3}},"line":8},"1":{"name":"(anonymous_1)","decl":{"start":{"line":29,"column":15},"end":{"line":29,"column":16}},"loc":{"start":{"line":29,"column":35},"end":{"line":55,"column":3}},"line":29},"2":{"name":"(anonymous_2)","decl":{"start":{"line":34,"column":21},"end":{"line":34,"column":22}},"loc":{"start":{"line":34,"column":30},"end":{"line":50,"column":9}},"line":34},"3":{"name":"(anonymous_3)","decl":{"start":{"line":57,"column":18},"end":{"line":57,"column":19}},"loc":{"start":{"line":57,"column":38},"end":{"line":80,"column":3}},"line":57},"4":{"name":"(anonymous_4)","decl":{"start":{"line":82,"column":22},"end":{"line":82,"column":23}},"loc":{"start":{"line":82,"column":42},"end":{"line":112,"column":3}},"line":82},"5":{"name":"(anonymous_5)","decl":{"start":{"line":114,"column":17},"end":{"line":114,"column":18}},"loc":{"start":{"line":114,"column":37},"end":{"line":125,"column":3}},"line":114},"6":{"name":"(anonymous_6)","decl":{"start":{"line":127,"column":17},"end":{"line":127,"column":18}},"loc":{"start":{"line":127,"column":37},"end":{"line":137,"column":3}},"line":127}},"branchMap":{"0":{"loc":{"start":{"line":25,"column":6},"end":{"line":25,"column":56}},"type":"if","locations":[{"start":{"line":25,"column":6},"end":{"line":25,"column":56}},{"start":{"line":25,"column":6},"end":{"line":25,"column":56}}],"line":25},"1":{"loc":{"start":{"line":86,"column":6},"end":{"line":106,"column":7}},"type":"if","locations":[{"start":{"line":86,"column":6},"end":{"line":106,"column":7}},{"start":{"line":86,"column":6},"end":{"line":106,"column":7}}],"line":86}},"s":{"0":1,"1":1,"2":1,"3":1,"4":1,"5":1,"6":1,"7":1,"8":1,"9":1,"10":0,"11":0,"12":0,"13":0,"14":0,"15":0,"16":0,"17":0,"18":0,"19":0,"20":0,"21":0,"22":0,"23":0,"24":0,"25":0,"26":0,"27":0,"28":0,"29":0,"30":0,"31":0,"32":0,"33":0,"34":0,"35":0,"36":0,"37":0,"38":0},"f":{"0":1,"1":0,"2":0,"3":0,"4":0,"5":0,"6":0},"b":{"0":[0,0],"1":[0,0]},"_coverageSchema":"1a1c01bbd47fc00a2c39e90264f33305004495a9","hash":"2a8d8d47d9b849da308624626ad9b24343ba39f8"}
,"/Users/samuel/Desktop/GIT_REPO/Samuel/bank/kuboyd/controllers/auth.controller.js": {"path":"/Users/samuel/Desktop/GIT_REPO/Samuel/bank/kuboyd/controllers/auth.controller.js","statementMap":{"0":{"start":{"line":1,"column":13},"end":{"line":1,"column":45}},"1":{"start":{"line":2,"column":19},"end":{"line":2,"column":54}},"2":{"start":{"line":3,"column":11},"end":{"line":3,"column":39}},"3":{"start":{"line":4,"column":12},"end":{"line":4,"column":35}},"4":{"start":{"line":5,"column":19},"end":{"line":5,"column":41}},"5":{"start":{"line":7,"column":0},"end":{"line":90,"column":2}},"6":{"start":{"line":9,"column":39},"end":{"line":9,"column":47}},"7":{"start":{"line":10,"column":4},"end":{"line":32,"column":5}},"8":{"start":{"line":11,"column":6},"end":{"line":14,"column":9}},"9":{"start":{"line":16,"column":6},"end":{"line":31,"column":7}},"10":{"start":{"line":17,"column":31},"end":{"line":17,"column":73}},"11":{"start":{"line":18,"column":24},"end":{"line":22,"column":9}},"12":{"start":{"line":23,"column":21},"end":{"line":23,"column":47}},"13":{"start":{"line":24,"column":8},"end":{"line":28,"column":11}},"14":{"start":{"line":30,"column":8},"end":{"line":30,"column":47}},"15":{"start":{"line":36,"column":32},"end":{"line":36,"column":40}},"16":{"start":{"line":37,"column":4},"end":{"line":76,"column":5}},"17":{"start":{"line":38,"column":6},"end":{"line":41,"column":9}},"18":{"start":{"line":43,"column":6},"end":{"line":75,"column":7}},"19":{"start":{"line":44,"column":21},"end":{"line":44,"column":54}},"20":{"start":{"line":45,"column":8},"end":{"line":49,"column":9}},"21":{"start":{"line":46,"column":10},"end":{"line":48,"column":13}},"22":{"start":{"line":50,"column":23},"end":{"line":50,"column":72}},"23":{"start":{"line":51,"column":8},"end":{"line":71,"column":9}},"24":{"start":{"line":52,"column":25},"end":{"line":57,"column":11}},"25":{"start":{"line":58,"column":24},"end":{"line":61,"column":12}},"26":{"start":{"line":62,"column":10},"end":{"line":65,"column":13}},"27":{"start":{"line":66,"column":10},"end":{"line":70,"column":13}},"28":{"start":{"line":73,"column":8},"end":{"line":73,"column":37}},"29":{"start":{"line":80,"column":4},"end":{"line":80,"column":25}},"30":{"start":{"line":81,"column":4},"end":{"line":83,"column":7}}},"fnMap":{"0":{"name":"(anonymous_0)","decl":{"start":{"line":8,"column":10},"end":{"line":8,"column":11}},"loc":{"start":{"line":8,"column":30},"end":{"line":33,"column":3}},"line":8},"1":{"name":"(anonymous_1)","decl":{"start":{"line":35,"column":10},"end":{"line":35,"column":11}},"loc":{"start":{"line":35,"column":30},"end":{"line":77,"column":3}},"line":35},"2":{"name":"(anonymous_2)","decl":{"start":{"line":79,"column":11},"end":{"line":79,"column":12}},"loc":{"start":{"line":79,"column":31},"end":{"line":84,"column":3}},"line":79}},"branchMap":{"0":{"loc":{"start":{"line":10,"column":4},"end":{"line":32,"column":5}},"type":"if","locations":[{"start":{"line":10,"column":4},"end":{"line":32,"column":5}},{"start":{"line":10,"column":4},"end":{"line":32,"column":5}}],"line":10},"1":{"loc":{"start":{"line":10,"column":8},"end":{"line":10,"column":37}},"type":"binary-expr","locations":[{"start":{"line":10,"column":8},"end":{"line":10,"column":17}},{"start":{"line":10,"column":21},"end":{"line":10,"column":27}},{"start":{"line":10,"column":31},"end":{"line":10,"column":37}}],"line":10},"2":{"loc":{"start":{"line":37,"column":4},"end":{"line":76,"column":5}},"type":"if","locations":[{"start":{"line":37,"column":4},"end":{"line":76,"column":5}},{"start":{"line":37,"column":4},"end":{"line":76,"column":5}}],"line":37},"3":{"loc":{"start":{"line":37,"column":8},"end":{"line":37,"column":27}},"type":"binary-expr","locations":[{"start":{"line":37,"column":8},"end":{"line":37,"column":14}},{"start":{"line":37,"column":18},"end":{"line":37,"column":27}}],"line":37},"4":{"loc":{"start":{"line":45,"column":8},"end":{"line":49,"column":9}},"type":"if","locations":[{"start":{"line":45,"column":8},"end":{"line":49,"column":9}},{"start":{"line":45,"column":8},"end":{"line":49,"column":9}}],"line":45},"5":{"loc":{"start":{"line":51,"column":8},"end":{"line":71,"column":9}},"type":"if","locations":[{"start":{"line":51,"column":8},"end":{"line":71,"column":9}},{"start":{"line":51,"column":8},"end":{"line":71,"column":9}}],"line":51}},"s":{"0":1,"1":1,"2":1,"3":1,"4":1,"5":1,"6":0,"7":0,"8":0,"9":0,"10":0,"11":0,"12":0,"13":0,"14":0,"15":0,"16":0,"17":0,"18":0,"19":0,"20":0,"21":0,"22":0,"23":0,"24":0,"25":0,"26":0,"27":0,"28":0,"29":0,"30":0},"f":{"0":0,"1":0,"2":0},"b":{"0":[0,0],"1":[0,0,0],"2":[0,0],"3":[0,0],"4":[0,0],"5":[0,0]},"_coverageSchema":"1a1c01bbd47fc00a2c39e90264f33305004495a9","hash":"9caa4505215314fcb42b8b37edda8328c0b9ec33"}
,"/Users/samuel/Desktop/GIT_REPO/Samuel/bank/kuboyd/controllers/expense.controllers.js": {"path":"/Users/samuel/Desktop/GIT_REPO/Samuel/bank/kuboyd/controllers/expense.controllers.js","statementMap":{"0":{"start":{"line":1,"column":16},"end":{"line":1,"column":51}},"1":{"start":{"line":2,"column":16},"end":{"line":2,"column":51}},"2":{"start":{"line":3,"column":11},"end":{"line":3,"column":39}},"3":{"start":{"line":5,"column":0},"end":{"line":68,"column":2}},"4":{"start":{"line":7,"column":22},"end":{"line":7,"column":33}},"5":{"start":{"line":8,"column":47},"end":{"line":8,"column":55}},"6":{"start":{"line":10,"column":4},"end":{"line":36,"column":5}},"7":{"start":{"line":11,"column":6},"end":{"line":14,"column":9}},"8":{"start":{"line":16,"column":6},"end":{"line":35,"column":7}},"9":{"start":{"line":17,"column":32},"end":{"line":17,"column":75}},"10":{"start":{"line":18,"column":24},"end":{"line":24,"column":10}},"11":{"start":{"line":25,"column":8},"end":{"line":29,"column":11}},"12":{"start":{"line":31,"column":8},"end":{"line":34,"column":11}},"13":{"start":{"line":40,"column":4},"end":{"line":51,"column":5}},"14":{"start":{"line":41,"column":23},"end":{"line":41,"column":45}},"15":{"start":{"line":42,"column":6},"end":{"line":45,"column":9}},"16":{"start":{"line":47,"column":6},"end":{"line":50,"column":9}},"17":{"start":{"line":55,"column":19},"end":{"line":55,"column":28}},"18":{"start":{"line":56,"column":4},"end":{"line":66,"column":5}},"19":{"start":{"line":57,"column":22},"end":{"line":57,"column":52}},"20":{"start":{"line":58,"column":6},"end":{"line":58,"column":27}},"21":{"start":{"line":58,"column":20},"end":{"line":58,"column":27}},"22":{"start":{"line":59,"column":6},"end":{"line":62,"column":9}},"23":{"start":{"line":64,"column":6},"end":{"line":64,"column":27}},"24":{"start":{"line":65,"column":6},"end":{"line":65,"column":48}}},"fnMap":{"0":{"name":"(anonymous_0)","decl":{"start":{"line":6,"column":10},"end":{"line":6,"column":11}},"loc":{"start":{"line":6,"column":30},"end":{"line":37,"column":3}},"line":6},"1":{"name":"(anonymous_1)","decl":{"start":{"line":39,"column":15},"end":{"line":39,"column":16}},"loc":{"start":{"line":39,"column":35},"end":{"line":52,"column":3}},"line":39},"2":{"name":"(anonymous_2)","decl":{"start":{"line":54,"column":14},"end":{"line":54,"column":15}},"loc":{"start":{"line":54,"column":34},"end":{"line":67,"column":3}},"line":54}},"branchMap":{"0":{"loc":{"start":{"line":10,"column":4},"end":{"line":36,"column":5}},"type":"if","locations":[{"start":{"line":10,"column":4},"end":{"line":36,"column":5}},{"start":{"line":10,"column":4},"end":{"line":36,"column":5}}],"line":10},"1":{"loc":{"start":{"line":10,"column":8},"end":{"line":10,"column":48}},"type":"binary-expr","locations":[{"start":{"line":10,"column":8},"end":{"line":10,"column":14}},{"start":{"line":10,"column":18},"end":{"line":10,"column":25}},{"start":{"line":10,"column":29},"end":{"line":10,"column":38}},{"start":{"line":10,"column":42},"end":{"line":10,"column":48}}],"line":10},"2":{"loc":{"start":{"line":58,"column":6},"end":{"line":58,"column":27}},"type":"if","locations":[{"start":{"line":58,"column":6},"end":{"line":58,"column":27}},{"start":{"line":58,"column":6},"end":{"line":58,"column":27}}],"line":58}},"s":{"0":1,"1":1,"2":1,"3":1,"4":0,"5":0,"6":0,"7":0,"8":0,"9":0,"10":0,"11":0,"12":0,"13":0,"14":0,"15":0,"16":0,"17":0,"18":0,"19":0,"20":0,"21":0,"22":0,"23":0,"24":0},"f":{"0":0,"1":0,"2":0},"b":{"0":[0,0],"1":[0,0,0,0],"2":[0,0]},"_coverageSchema":"1a1c01bbd47fc00a2c39e90264f33305004495a9","hash":"d7d8ead6290869e2ed8ed53347cf36df2fd76ed4"}
,"/Users/samuel/Desktop/GIT_REPO/Samuel/bank/kuboyd/controllers/savings.controller.js": {"path":"/Users/samuel/Desktop/GIT_REPO/Samuel/bank/kuboyd/controllers/savings.controller.js","statementMap":{"0":{"start":{"line":1,"column":16},"end":{"line":1,"column":50}},"1":{"start":{"line":2,"column":16},"end":{"line":2,"column":51}},"2":{"start":{"line":3,"column":20},"end":{"line":3,"column":63}},"3":{"start":{"line":4,"column":11},"end":{"line":4,"column":39}},"4":{"start":{"line":6,"column":0},"end":{"line":39,"column":2}},"5":{"start":{"line":8,"column":22},"end":{"line":8,"column":33}},"6":{"start":{"line":11,"column":39},"end":{"line":14,"column":5}},"7":{"start":{"line":16,"column":4},"end":{"line":37,"column":5}},"8":{"start":{"line":17,"column":6},"end":{"line":31,"column":7}},"9":{"start":{"line":18,"column":8},"end":{"line":21,"column":11}},"10":{"start":{"line":23,"column":24},"end":{"line":23,"column":72}},"11":{"start":{"line":24,"column":26},"end":{"line":28,"column":10}},"12":{"start":{"line":29,"column":8},"end":{"line":29,"column":69}},"13":{"start":{"line":30,"column":8},"end":{"line":30,"column":28}},"14":{"start":{"line":33,"column":6},"end":{"line":36,"column":11}},"15":{"start":{"line":34,"column":8},"end":{"line":36,"column":11}}},"fnMap":{"0":{"name":"(anonymous_0)","decl":{"start":{"line":7,"column":8},"end":{"line":7,"column":9}},"loc":{"start":{"line":7,"column":28},"end":{"line":38,"column":3}},"line":7}},"branchMap":{"0":{"loc":{"start":{"line":17,"column":6},"end":{"line":31,"column":7}},"type":"if","locations":[{"start":{"line":17,"column":6},"end":{"line":31,"column":7}},{"start":{"line":17,"column":6},"end":{"line":31,"column":7}}],"line":17},"1":{"loc":{"start":{"line":17,"column":10},"end":{"line":17,"column":39}},"type":"binary-expr","locations":[{"start":{"line":17,"column":10},"end":{"line":17,"column":22}},{"start":{"line":17,"column":26},"end":{"line":17,"column":39}}],"line":17},"2":{"loc":{"start":{"line":33,"column":6},"end":{"line":36,"column":11}},"type":"if","locations":[{"start":{"line":33,"column":6},"end":{"line":36,"column":11}},{"start":{"line":33,"column":6},"end":{"line":36,"column":11}}],"line":33}},"s":{"0":1,"1":1,"2":1,"3":1,"4":1,"5":0,"6":0,"7":0,"8":0,"9":0,"10":0,"11":0,"12":0,"13":0,"14":0,"15":0},"f":{"0":0},"b":{"0":[0,0],"1":[0,0],"2":[0,0]},"_coverageSchema":"1a1c01bbd47fc00a2c39e90264f33305004495a9","hash":"91a14d34d2c40341c91b14a45a494567477cf0d9"}
,"/Users/samuel/Desktop/GIT_REPO/Samuel/bank/kuboyd/controllers/transaction.controller.js": {"path":"/Users/samuel/Desktop/GIT_REPO/Samuel/bank/kuboyd/controllers/transaction.controller.js","statementMap":{"0":{"start":{"line":1,"column":20},"end":{"line":1,"column":59}},"1":{"start":{"line":2,"column":16},"end":{"line":2,"column":51}},"2":{"start":{"line":3,"column":11},"end":{"line":3,"column":39}},"3":{"start":{"line":4,"column":20},"end":{"line":4,"column":63}},"4":{"start":{"line":6,"column":0},"end":{"line":204,"column":2}},"5":{"start":{"line":9,"column":37},"end":{"line":9,"column":45}},"6":{"start":{"line":11,"column":24},"end":{"line":11,"column":69}},"7":{"start":{"line":12,"column":4},"end":{"line":66,"column":5}},"8":{"start":{"line":13,"column":30},"end":{"line":13,"column":75}},"9":{"start":{"line":14,"column":37},"end":{"line":14,"column":52}},"10":{"start":{"line":15,"column":25},"end":{"line":15,"column":67}},"11":{"start":{"line":16,"column":6},"end":{"line":61,"column":7}},"12":{"start":{"line":17,"column":31},"end":{"line":25,"column":10}},"13":{"start":{"line":27,"column":31},"end":{"line":31,"column":9}},"14":{"start":{"line":33,"column":8},"end":{"line":54,"column":9}},"15":{"start":{"line":34,"column":28},"end":{"line":38,"column":11}},"16":{"start":{"line":39,"column":23},"end":{"line":49,"column":11}},"17":{"start":{"line":50,"column":10},"end":{"line":53,"column":13}},"18":{"start":{"line":56,"column":8},"end":{"line":60,"column":13}},"19":{"start":{"line":57,"column":10},"end":{"line":60,"column":13}},"20":{"start":{"line":63,"column":6},"end":{"line":65,"column":9}},"21":{"start":{"line":70,"column":23},"end":{"line":70,"column":32}},"22":{"start":{"line":71,"column":28},"end":{"line":71,"column":36}},"23":{"start":{"line":73,"column":27},"end":{"line":73,"column":72}},"24":{"start":{"line":74,"column":35},"end":{"line":74,"column":49}},"25":{"start":{"line":75,"column":23},"end":{"line":75,"column":64}},"26":{"start":{"line":76,"column":4},"end":{"line":114,"column":5}},"27":{"start":{"line":77,"column":29},"end":{"line":85,"column":8}},"28":{"start":{"line":87,"column":29},"end":{"line":91,"column":7}},"29":{"start":{"line":93,"column":6},"end":{"line":107,"column":7}},"30":{"start":{"line":94,"column":21},"end":{"line":102,"column":9}},"31":{"start":{"line":103,"column":8},"end":{"line":106,"column":11}},"32":{"start":{"line":109,"column":6},"end":{"line":113,"column":11}},"33":{"start":{"line":110,"column":8},"end":{"line":113,"column":11}},"34":{"start":{"line":118,"column":22},"end":{"line":118,"column":33}},"35":{"start":{"line":119,"column":34},"end":{"line":119,"column":42}},"36":{"start":{"line":121,"column":4},"end":{"line":121,"column":38}},"37":{"start":{"line":121,"column":31},"end":{"line":121,"column":38}},"38":{"start":{"line":123,"column":30},"end":{"line":123,"column":73}},"39":{"start":{"line":124,"column":4},"end":{"line":164,"column":5}},"40":{"start":{"line":125,"column":48},"end":{"line":128,"column":8}},"41":{"start":{"line":129,"column":6},"end":{"line":158,"column":7}},"42":{"start":{"line":130,"column":8},"end":{"line":133,"column":11}},"43":{"start":{"line":135,"column":25},"end":{"line":139,"column":9}},"44":{"start":{"line":140,"column":8},"end":{"line":144,"column":9}},"45":{"start":{"line":141,"column":10},"end":{"line":141,"column":64}},"46":{"start":{"line":143,"column":10},"end":{"line":143,"column":63}},"47":{"start":{"line":145,"column":31},"end":{"line":151,"column":10}},"48":{"start":{"line":152,"column":8},"end":{"line":156,"column":10}},"49":{"start":{"line":157,"column":8},"end":{"line":157,"column":33}},"50":{"start":{"line":160,"column":6},"end":{"line":163,"column":9}},"51":{"start":{"line":168,"column":4},"end":{"line":173,"column":5}},"52":{"start":{"line":169,"column":27},"end":{"line":169,"column":53}},"53":{"start":{"line":170,"column":6},"end":{"line":170,"column":29}},"54":{"start":{"line":172,"column":6},"end":{"line":172,"column":76}},"55":{"start":{"line":177,"column":19},"end":{"line":177,"column":28}},"56":{"start":{"line":178,"column":4},"end":{"line":187,"column":5}},"57":{"start":{"line":179,"column":26},"end":{"line":179,"column":60}},"58":{"start":{"line":180,"column":6},"end":{"line":180,"column":28}},"59":{"start":{"line":182,"column":6},"end":{"line":186,"column":11}},"60":{"start":{"line":183,"column":8},"end":{"line":186,"column":11}},"61":{"start":{"line":191,"column":19},"end":{"line":191,"column":28}},"62":{"start":{"line":192,"column":4},"end":{"line":202,"column":5}},"63":{"start":{"line":193,"column":26},"end":{"line":193,"column":61}},"64":{"start":{"line":194,"column":6},"end":{"line":197,"column":9}},"65":{"start":{"line":199,"column":6},"end":{"line":201,"column":8}}},"fnMap":{"0":{"name":"(anonymous_0)","decl":{"start":{"line":7,"column":17},"end":{"line":7,"column":18}},"loc":{"start":{"line":7,"column":37},"end":{"line":67,"column":3}},"line":7},"1":{"name":"(anonymous_1)","decl":{"start":{"line":69,"column":16},"end":{"line":69,"column":17}},"loc":{"start":{"line":69,"column":36},"end":{"line":115,"column":3}},"line":69},"2":{"name":"(anonymous_2)","decl":{"start":{"line":117,"column":21},"end":{"line":117,"column":22}},"loc":{"start":{"line":117,"column":41},"end":{"line":165,"column":3}},"line":117},"3":{"name":"(anonymous_3)","decl":{"start":{"line":167,"column":19},"end":{"line":167,"column":20}},"loc":{"start":{"line":167,"column":39},"end":{"line":174,"column":3}},"line":167},"4":{"name":"(anonymous_4)","decl":{"start":{"line":176,"column":22},"end":{"line":176,"column":23}},"loc":{"start":{"line":176,"column":42},"end":{"line":188,"column":3}},"line":176},"5":{"name":"(anonymous_5)","decl":{"start":{"line":190,"column":21},"end":{"line":190,"column":22}},"loc":{"start":{"line":190,"column":41},"end":{"line":203,"column":3}},"line":190}},"branchMap":{"0":{"loc":{"start":{"line":12,"column":4},"end":{"line":66,"column":5}},"type":"if","locations":[{"start":{"line":12,"column":4},"end":{"line":66,"column":5}},{"start":{"line":12,"column":4},"end":{"line":66,"column":5}}],"line":12},"1":{"loc":{"start":{"line":33,"column":8},"end":{"line":54,"column":9}},"type":"if","locations":[{"start":{"line":33,"column":8},"end":{"line":54,"column":9}},{"start":{"line":33,"column":8},"end":{"line":54,"column":9}}],"line":33},"2":{"loc":{"start":{"line":56,"column":8},"end":{"line":60,"column":13}},"type":"if","locations":[{"start":{"line":56,"column":8},"end":{"line":60,"column":13}},{"start":{"line":56,"column":8},"end":{"line":60,"column":13}}],"line":56},"3":{"loc":{"start":{"line":93,"column":6},"end":{"line":107,"column":7}},"type":"if","locations":[{"start":{"line":93,"column":6},"end":{"line":107,"column":7}},{"start":{"line":93,"column":6},"end":{"line":107,"column":7}}],"line":93},"4":{"loc":{"start":{"line":109,"column":6},"end":{"line":113,"column":11}},"type":"if","locations":[{"start":{"line":109,"column":6},"end":{"line":113,"column":11}},{"start":{"line":109,"column":6},"end":{"line":113,"column":11}}],"line":109},"5":{"loc":{"start":{"line":121,"column":4},"end":{"line":121,"column":38}},"type":"if","locations":[{"start":{"line":121,"column":4},"end":{"line":121,"column":38}},{"start":{"line":121,"column":4},"end":{"line":121,"column":38}}],"line":121},"6":{"loc":{"start":{"line":121,"column":8},"end":{"line":121,"column":29}},"type":"binary-expr","locations":[{"start":{"line":121,"column":8},"end":{"line":121,"column":15}},{"start":{"line":121,"column":19},"end":{"line":121,"column":29}}],"line":121},"7":{"loc":{"start":{"line":129,"column":6},"end":{"line":158,"column":7}},"type":"if","locations":[{"start":{"line":129,"column":6},"end":{"line":158,"column":7}},{"start":{"line":129,"column":6},"end":{"line":158,"column":7}}],"line":129},"8":{"loc":{"start":{"line":129,"column":10},"end":{"line":129,"column":70}},"type":"binary-expr","locations":[{"start":{"line":129,"column":10},"end":{"line":129,"column":37}},{"start":{"line":129,"column":41},"end":{"line":129,"column":70}}],"line":129},"9":{"loc":{"start":{"line":140,"column":8},"end":{"line":144,"column":9}},"type":"if","locations":[{"start":{"line":140,"column":8},"end":{"line":144,"column":9}},{"start":{"line":140,"column":8},"end":{"line":144,"column":9}}],"line":140},"10":{"loc":{"start":{"line":182,"column":6},"end":{"line":186,"column":11}},"type":"if","locations":[{"start":{"line":182,"column":6},"end":{"line":186,"column":11}},{"start":{"line":182,"column":6},"end":{"line":186,"column":11}}],"line":182}},"s":{"0":1,"1":1,"2":1,"3":1,"4":1,"5":0,"6":0,"7":0,"8":0,"9":0,"10":0,"11":0,"12":0,"13":0,"14":0,"15":0,"16":0,"17":0,"18":0,"19":0,"20":0,"21":0,"22":0,"23":0,"24":0,"25":0,"26":0,"27":0,"28":0,"29":0,"30":0,"31":0,"32":0,"33":0,"34":0,"35":0,"36":0,"37":0,"38":0,"39":0,"40":0,"41":0,"42":0,"43":0,"44":0,"45":0,"46":0,"47":0,"48":0,"49":0,"50":0,"51":0,"52":0,"53":0,"54":0,"55":0,"56":0,"57":0,"58":0,"59":0,"60":0,"61":0,"62":0,"63":0,"64":0,"65":0},"f":{"0":0,"1":0,"2":0,"3":0,"4":0,"5":0},"b":{"0":[0,0],"1":[0,0],"2":[0,0],"3":[0,0],"4":[0,0],"5":[0,0],"6":[0,0],"7":[0,0],"8":[0,0],"9":[0,0],"10":[0,0]},"_coverageSchema":"1a1c01bbd47fc00a2c39e90264f33305004495a9","hash":"d1a19dd8dbfb41425dc4ec340343fae9a53a32b4"}
,"/Users/samuel/Desktop/GIT_REPO/Samuel/bank/kuboyd/controllers/user.controller.js": {"path":"/Users/samuel/Desktop/GIT_REPO/Samuel/bank/kuboyd/controllers/user.controller.js","statementMap":{"0":{"start":{"line":1,"column":13},"end":{"line":1,"column":45}},"1":{"start":{"line":2,"column":11},"end":{"line":2,"column":39}},"2":{"start":{"line":4,"column":0},"end":{"line":59,"column":2}},"3":{"start":{"line":6,"column":4},"end":{"line":11,"column":5}},"4":{"start":{"line":7,"column":20},"end":{"line":7,"column":39}},"5":{"start":{"line":8,"column":6},"end":{"line":8,"column":33}},"6":{"start":{"line":8,"column":17},"end":{"line":8,"column":33}},"7":{"start":{"line":10,"column":6},"end":{"line":10,"column":55}},"8":{"start":{"line":15,"column":19},"end":{"line":15,"column":28}},"9":{"start":{"line":16,"column":4},"end":{"line":21,"column":5}},"10":{"start":{"line":17,"column":19},"end":{"line":17,"column":46}},"11":{"start":{"line":18,"column":6},"end":{"line":18,"column":31}},"12":{"start":{"line":18,"column":16},"end":{"line":18,"column":31}},"13":{"start":{"line":20,"column":6},"end":{"line":20,"column":54}},"14":{"start":{"line":25,"column":19},"end":{"line":25,"column":28}},"15":{"start":{"line":26,"column":21},"end":{"line":26,"column":29}},"16":{"start":{"line":27,"column":4},"end":{"line":35,"column":5}},"17":{"start":{"line":28,"column":20},"end":{"line":28,"column":55}},"18":{"start":{"line":29,"column":6},"end":{"line":32,"column":9}},"19":{"start":{"line":34,"column":6},"end":{"line":34,"column":36}},"20":{"start":{"line":39,"column":21},"end":{"line":39,"column":30}},"21":{"start":{"line":40,"column":4},"end":{"line":45,"column":5}},"22":{"start":{"line":41,"column":21},"end":{"line":41,"column":52}},"23":{"start":{"line":42,"column":6},"end":{"line":42,"column":39}},"24":{"start":{"line":42,"column":18},"end":{"line":42,"column":39}},"25":{"start":{"line":44,"column":6},"end":{"line":44,"column":64}},"26":{"start":{"line":49,"column":19},"end":{"line":49,"column":28}},"27":{"start":{"line":50,"column":4},"end":{"line":56,"column":22}},"28":{"start":{"line":51,"column":26},"end":{"line":51,"column":54}},"29":{"start":{"line":52,"column":6},"end":{"line":55,"column":9}},"30":{"start":{"line":57,"column":4},"end":{"line":57,"column":58}}},"fnMap":{"0":{"name":"(anonymous_0)","decl":{"start":{"line":5,"column":12},"end":{"line":5,"column":13}},"loc":{"start":{"line":5,"column":32},"end":{"line":12,"column":3}},"line":5},"1":{"name":"(anonymous_1)","decl":{"start":{"line":14,"column":11},"end":{"line":14,"column":12}},"loc":{"start":{"line":14,"column":31},"end":{"line":22,"column":3}},"line":14},"2":{"name":"(anonymous_2)","decl":{"start":{"line":24,"column":15},"end":{"line":24,"column":16}},"loc":{"start":{"line":24,"column":35},"end":{"line":36,"column":3}},"line":24},"3":{"name":"(anonymous_3)","decl":{"start":{"line":38,"column":13},"end":{"line":38,"column":14}},"loc":{"start":{"line":38,"column":33},"end":{"line":46,"column":3}},"line":38},"4":{"name":"(anonymous_4)","decl":{"start":{"line":48,"column":14},"end":{"line":48,"column":15}},"loc":{"start":{"line":48,"column":34},"end":{"line":58,"column":3}},"line":48}},"branchMap":{"0":{"loc":{"start":{"line":8,"column":6},"end":{"line":8,"column":33}},"type":"if","locations":[{"start":{"line":8,"column":6},"end":{"line":8,"column":33}},{"start":{"line":8,"column":6},"end":{"line":8,"column":33}}],"line":8},"1":{"loc":{"start":{"line":18,"column":6},"end":{"line":18,"column":31}},"type":"if","locations":[{"start":{"line":18,"column":6},"end":{"line":18,"column":31}},{"start":{"line":18,"column":6},"end":{"line":18,"column":31}}],"line":18},"2":{"loc":{"start":{"line":42,"column":6},"end":{"line":42,"column":39}},"type":"if","locations":[{"start":{"line":42,"column":6},"end":{"line":42,"column":39}},{"start":{"line":42,"column":6},"end":{"line":42,"column":39}}],"line":42}},"s":{"0":1,"1":1,"2":1,"3":0,"4":0,"5":0,"6":0,"7":0,"8":0,"9":0,"10":0,"11":0,"12":0,"13":0,"14":0,"15":0,"16":0,"17":0,"18":0,"19":0,"20":0,"21":0,"22":0,"23":0,"24":0,"25":0,"26":0,"27":0,"28":0,"29":0,"30":0},"f":{"0":0,"1":0,"2":0,"3":0,"4":0},"b":{"0":[0,0],"1":[0,0],"2":[0,0]},"_coverageSchema":"1a1c01bbd47fc00a2c39e90264f33305004495a9","hash":"9b5b0dffc6763052d294370c480c2cf2099692ec"}
,"/Users/samuel/Desktop/GIT_REPO/Samuel/bank/kuboyd/middleware/encryption.js": {"path":"/Users/samuel/Desktop/GIT_REPO/Samuel/bank/kuboyd/middleware/encryption.js","statementMap":{"0":{"start":{"line":1,"column":15},"end":{"line":1,"column":32}},"1":{"start":{"line":3,"column":0},"end":{"line":33,"column":2}},"2":{"start":{"line":5,"column":4},"end":{"line":16,"column":7}},"3":{"start":{"line":6,"column":6},"end":{"line":15,"column":9}},"4":{"start":{"line":7,"column":8},"end":{"line":14,"column":9}},"5":{"start":{"line":7,"column":18},"end":{"line":7,"column":39}},"6":{"start":{"line":9,"column":10},"end":{"line":13,"column":13}},"7":{"start":{"line":20,"column":4},"end":{"line":31,"column":7}},"8":{"start":{"line":21,"column":6},"end":{"line":30,"column":9}},"9":{"start":{"line":22,"column":8},"end":{"line":28,"column":9}},"10":{"start":{"line":23,"column":10},"end":{"line":27,"column":13}},"11":{"start":{"line":29,"column":8},"end":{"line":29,"column":31}}},"fnMap":{"0":{"name":"(anonymous_0)","decl":{"start":{"line":4,"column":19},"end":{"line":4,"column":20}},"loc":{"start":{"line":4,"column":33},"end":{"line":17,"column":3}},"line":4},"1":{"name":"(anonymous_1)","decl":{"start":{"line":5,"column":23},"end":{"line":5,"column":24}},"loc":{"start":{"line":5,"column":44},"end":{"line":16,"column":5}},"line":5},"2":{"name":"(anonymous_2)","decl":{"start":{"line":6,"column":32},"end":{"line":6,"column":33}},"loc":{"start":{"line":6,"column":47},"end":{"line":15,"column":7}},"line":6},"3":{"name":"(anonymous_3)","decl":{"start":{"line":19,"column":20},"end":{"line":19,"column":21}},"loc":{"start":{"line":19,"column":40},"end":{"line":32,"column":3}},"line":19},"4":{"name":"(anonymous_4)","decl":{"start":{"line":20,"column":23},"end":{"line":20,"column":24}},"loc":{"start":{"line":20,"column":44},"end":{"line":31,"column":5}},"line":20},"5":{"name":"(anonymous_5)","decl":{"start":{"line":21,"column":46},"end":{"line":21,"column":47}},"loc":{"start":{"line":21,"column":63},"end":{"line":30,"column":7}},"line":21}},"branchMap":{"0":{"loc":{"start":{"line":7,"column":8},"end":{"line":14,"column":9}},"type":"if","locations":[{"start":{"line":7,"column":8},"end":{"line":14,"column":9}},{"start":{"line":7,"column":8},"end":{"line":14,"column":9}}],"line":7},"1":{"loc":{"start":{"line":22,"column":8},"end":{"line":28,"column":9}},"type":"if","locations":[{"start":{"line":22,"column":8},"end":{"line":28,"column":9}},{"start":{"line":22,"column":8},"end":{"line":28,"column":9}}],"line":22},"2":{"loc":{"start":{"line":22,"column":12},"end":{"line":22,"column":26}},"type":"binary-expr","locations":[{"start":{"line":22,"column":12},"end":{"line":22,"column":15}},{"start":{"line":22,"column":19},"end":{"line":22,"column":26}}],"line":22}},"s":{"0":1,"1":1,"2":0,"3":0,"4":0,"5":0,"6":0,"7":0,"8":0,"9":0,"10":0,"11":0},"f":{"0":0,"1":0,"2":0,"3":0,"4":0,"5":0},"b":{"0":[0,0],"1":[0,0],"2":[0,0]},"_coverageSchema":"1a1c01bbd47fc00a2c39e90264f33305004495a9","hash":"d91ef080faa5f31cc74dc81e8be2b99ef0a47750"}
,"/Users/samuel/Desktop/GIT_REPO/Samuel/bank/kuboyd/models/account.models.js": {"path":"/Users/samuel/Desktop/GIT_REPO/Samuel/bank/kuboyd/models/account.models.js","statementMap":{"0":{"start":{"line":1,"column":17},"end":{"line":1,"column":36}},"1":{"start":{"line":2,"column":19},"end":{"line":2,"column":27}},"2":{"start":{"line":3,"column":15},"end":{"line":3,"column":30}},"3":{"start":{"line":5,"column":22},"end":{"line":22,"column":1}},"4":{"start":{"line":24,"column":0},"end":{"line":24,"column":58}}},"fnMap":{},"branchMap":{},"s":{"0":1,"1":1,"2":1,"3":1,"4":1},"f":{},"b":{},"_coverageSchema":"1a1c01bbd47fc00a2c39e90264f33305004495a9","hash":"b05c40505f3a5da0f0206f6bc41e822bfe0b8cbe"}
,"/Users/samuel/Desktop/GIT_REPO/Samuel/bank/kuboyd/models/expense.models.js": {"path":"/Users/samuel/Desktop/GIT_REPO/Samuel/bank/kuboyd/models/expense.models.js","statementMap":{"0":{"start":{"line":1,"column":17},"end":{"line":1,"column":36}},"1":{"start":{"line":2,"column":19},"end":{"line":2,"column":27}},"2":{"start":{"line":3,"column":15},"end":{"line":3,"column":30}},"3":{"start":{"line":5,"column":22},"end":{"line":14,"column":1}},"4":{"start":{"line":16,"column":0},"end":{"line":16,"column":69}}},"fnMap":{},"branchMap":{},"s":{"0":1,"1":1,"2":1,"3":1,"4":1},"f":{},"b":{},"_coverageSchema":"1a1c01bbd47fc00a2c39e90264f33305004495a9","hash":"6ff41f059d2e1fca150969990714efbfb40b4dea"}
,"/Users/samuel/Desktop/GIT_REPO/Samuel/bank/kuboyd/models/saving.models.js": {"path":"/Users/samuel/Desktop/GIT_REPO/Samuel/bank/kuboyd/models/saving.models.js","statementMap":{"0":{"start":{"line":1,"column":17},"end":{"line":1,"column":36}},"1":{"start":{"line":2,"column":19},"end":{"line":2,"column":27}},"2":{"start":{"line":3,"column":15},"end":{"line":3,"column":30}},"3":{"start":{"line":5,"column":21},"end":{"line":14,"column":2}},"4":{"start":{"line":16,"column":0},"end":{"line":16,"column":57}}},"fnMap":{},"branchMap":{},"s":{"0":1,"1":1,"2":1,"3":1,"4":1},"f":{},"b":{},"_coverageSchema":"1a1c01bbd47fc00a2c39e90264f33305004495a9","hash":"46d5b4e80ab8bab6308631f4f1855324a907d548"}
,"/Users/samuel/Desktop/GIT_REPO/Samuel/bank/kuboyd/models/transaction.models.js": {"path":"/Users/samuel/Desktop/GIT_REPO/Samuel/bank/kuboyd/models/transaction.models.js","statementMap":{"0":{"start":{"line":1,"column":17},"end":{"line":1,"column":36}},"1":{"start":{"line":2,"column":19},"end":{"line":2,"column":27}},"2":{"start":{"line":3,"column":15},"end":{"line":3,"column":30}},"3":{"start":{"line":5,"column":26},"end":{"line":19,"column":2}},"4":{"start":{"line":21,"column":0},"end":{"line":21,"column":66}}},"fnMap":{},"branchMap":{},"s":{"0":1,"1":1,"2":1,"3":1,"4":1},"f":{},"b":{},"_coverageSchema":"1a1c01bbd47fc00a2c39e90264f33305004495a9","hash":"76adfbe735f57bf61db1948c45dc6e839943dae3"}
,"/Users/samuel/Desktop/GIT_REPO/Samuel/bank/kuboyd/models/user.models.js": {"path":"/Users/samuel/Desktop/GIT_REPO/Samuel/bank/kuboyd/models/user.models.js","statementMap":{"0":{"start":{"line":1,"column":17},"end":{"line":1,"column":36}},"1":{"start":{"line":2,"column":19},"end":{"line":2,"column":27}},"2":{"start":{"line":4,"column":19},"end":{"line":16,"column":1}},"3":{"start":{"line":18,"column":0},"end":{"line":18,"column":52}}},"fnMap":{},"branchMap":{},"s":{"0":1,"1":1,"2":1,"3":1},"f":{},"b":{},"_coverageSchema":"1a1c01bbd47fc00a2c39e90264f33305004495a9","hash":"2c69b56ff4ab30b4c0d41b472f42a82cedab8774"}
,"/Users/samuel/Desktop/GIT_REPO/Samuel/bank/kuboyd/routes/account.js": {"path":"/Users/samuel/Desktop/GIT_REPO/Samuel/bank/kuboyd/routes/account.js","statementMap":{"0":{"start":{"line":1,"column":15},"end":{"line":1,"column":42}},"1":{"start":{"line":2,"column":16},"end":{"line":2,"column":60}},"2":{"start":{"line":4,"column":0},"end":{"line":4,"column":79}},"3":{"start":{"line":6,"column":0},"end":{"line":10,"column":33}},"4":{"start":{"line":12,"column":0},"end":{"line":12,"column":51}},"5":{"start":{"line":14,"column":0},"end":{"line":14,"column":24}}},"fnMap":{},"branchMap":{},"s":{"0":1,"1":1,"2":1,"3":1,"4":1,"5":1},"f":{},"b":{},"_coverageSchema":"1a1c01bbd47fc00a2c39e90264f33305004495a9","hash":"53101b952f91084d026e40b807fc817c01446b3b"}
,"/Users/samuel/Desktop/GIT_REPO/Samuel/bank/kuboyd/routes/auth.js": {"path":"/Users/samuel/Desktop/GIT_REPO/Samuel/bank/kuboyd/routes/auth.js","statementMap":{"0":{"start":{"line":1,"column":15},"end":{"line":1,"column":42}},"1":{"start":{"line":2,"column":13},"end":{"line":2,"column":54}},"2":{"start":{"line":5,"column":0},"end":{"line":5,"column":35}},"3":{"start":{"line":6,"column":0},"end":{"line":6,"column":36}},"4":{"start":{"line":7,"column":0},"end":{"line":7,"column":36}},"5":{"start":{"line":9,"column":0},"end":{"line":9,"column":24}}},"fnMap":{},"branchMap":{},"s":{"0":1,"1":1,"2":1,"3":1,"4":1,"5":1},"f":{},"b":{},"_coverageSchema":"1a1c01bbd47fc00a2c39e90264f33305004495a9","hash":"120b93a59dc9e6eae37367550af816ab4d692a7c"}
,"/Users/samuel/Desktop/GIT_REPO/Samuel/bank/kuboyd/routes/expense.js": {"path":"/Users/samuel/Desktop/GIT_REPO/Samuel/bank/kuboyd/routes/expense.js","statementMap":{"0":{"start":{"line":1,"column":15},"end":{"line":1,"column":42}},"1":{"start":{"line":2,"column":16},"end":{"line":2,"column":61}},"2":{"start":{"line":4,"column":0},"end":{"line":8,"column":27}},"3":{"start":{"line":10,"column":0},"end":{"line":10,"column":24}}},"fnMap":{},"branchMap":{},"s":{"0":1,"1":1,"2":1,"3":1},"f":{},"b":{},"_coverageSchema":"1a1c01bbd47fc00a2c39e90264f33305004495a9","hash":"bcb8e674ba8044fd9ad4b095a8a3f72e51ead75e"}
,"/Users/samuel/Desktop/GIT_REPO/Samuel/bank/kuboyd/routes/index.js": {"path":"/Users/samuel/Desktop/GIT_REPO/Samuel/bank/kuboyd/routes/index.js","statementMap":{"0":{"start":{"line":1,"column":15},"end":{"line":1,"column":42}},"1":{"start":{"line":6,"column":0},"end":{"line":6,"column":35}},"2":{"start":{"line":12,"column":0},"end":{"line":12,"column":42}},"3":{"start":{"line":13,"column":0},"end":{"line":13,"column":38}},"4":{"start":{"line":14,"column":0},"end":{"line":14,"column":38}},"5":{"start":{"line":15,"column":0},"end":{"line":15,"column":35}},"6":{"start":{"line":16,"column":0},"end":{"line":16,"column":38}},"7":{"start":{"line":18,"column":0},"end":{"line":18,"column":24}}},"fnMap":{},"branchMap":{},"s":{"0":1,"1":1,"2":1,"3":1,"4":1,"5":1,"6":1,"7":1},"f":{},"b":{},"_coverageSchema":"1a1c01bbd47fc00a2c39e90264f33305004495a9","hash":"4859606919128837b098c450566a88a19e384947"}
,"/Users/samuel/Desktop/GIT_REPO/Samuel/bank/kuboyd/routes/savings.js": {"path":"/Users/samuel/Desktop/GIT_REPO/Samuel/bank/kuboyd/routes/savings.js","statementMap":{"0":{"start":{"line":1,"column":15},"end":{"line":1,"column":42}},"1":{"start":{"line":2,"column":15},"end":{"line":2,"column":59}},"2":{"start":{"line":4,"column":0},"end":{"line":4,"column":34}},"3":{"start":{"line":6,"column":0},"end":{"line":6,"column":24}}},"fnMap":{},"branchMap":{},"s":{"0":1,"1":1,"2":1,"3":1},"f":{},"b":{},"_coverageSchema":"1a1c01bbd47fc00a2c39e90264f33305004495a9","hash":"fcdb96c210a7a0da78ff447a3f36e55346f5a819"}
,"/Users/samuel/Desktop/GIT_REPO/Samuel/bank/kuboyd/routes/transaction.js": {"path":"/Users/samuel/Desktop/GIT_REPO/Samuel/bank/kuboyd/routes/transaction.js","statementMap":{"0":{"start":{"line":1,"column":15},"end":{"line":1,"column":42}},"1":{"start":{"line":2,"column":20},"end":{"line":2,"column":68}},"2":{"start":{"line":4,"column":0},"end":{"line":4,"column":50}},"3":{"start":{"line":5,"column":0},"end":{"line":5,"column":48}},"4":{"start":{"line":6,"column":0},"end":{"line":6,"column":56}},"5":{"start":{"line":7,"column":0},"end":{"line":7,"column":57}},"6":{"start":{"line":9,"column":0},"end":{"line":12,"column":41}},"7":{"start":{"line":14,"column":0},"end":{"line":14,"column":24}}},"fnMap":{},"branchMap":{},"s":{"0":1,"1":1,"2":1,"3":1,"4":1,"5":1,"6":1,"7":1},"f":{},"b":{},"_coverageSchema":"1a1c01bbd47fc00a2c39e90264f33305004495a9","hash":"c773ae463f5bea83f248033bd80963563b9cc74b"}
,"/Users/samuel/Desktop/GIT_REPO/Samuel/bank/kuboyd/routes/user.js": {"path":"/Users/samuel/Desktop/GIT_REPO/Samuel/bank/kuboyd/routes/user.js","statementMap":{"0":{"start":{"line":1,"column":15},"end":{"line":1,"column":42}},"1":{"start":{"line":2,"column":13},"end":{"line":2,"column":54}},"2":{"start":{"line":4,"column":0},"end":{"line":4,"column":36}},"3":{"start":{"line":5,"column":0},"end":{"line":5,"column":64}},"4":{"start":{"line":7,"column":0},"end":{"line":7,"column":66}},"5":{"start":{"line":9,"column":0},"end":{"line":9,"column":24}}},"fnMap":{},"branchMap":{},"s":{"0":1,"1":1,"2":1,"3":1,"4":1,"5":1},"f":{},"b":{},"_coverageSchema":"1a1c01bbd47fc00a2c39e90264f33305004495a9","hash":"1f6cb017dd5ca2ced7e6a81726114b7a0372101b"}
,"/Users/samuel/Desktop/GIT_REPO/Samuel/bank/kuboyd/services/account.services.js": {"path":"/Users/samuel/Desktop/GIT_REPO/Samuel/bank/kuboyd/services/account.services.js","statementMap":{"0":{"start":{"line":1,"column":14},"end":{"line":1,"column":30}},"1":{"start":{"line":3,"column":0},"end":{"line":8,"column":2}},"2":{"start":{"line":5,"column":26},"end":{"line":5,"column":51}},"3":{"start":{"line":6,"column":4},"end":{"line":6,"column":25}}},"fnMap":{"0":{"name":"(anonymous_0)","decl":{"start":{"line":4,"column":19},"end":{"line":4,"column":20}},"loc":{"start":{"line":4,"column":25},"end":{"line":7,"column":3}},"line":4}},"branchMap":{},"s":{"0":1,"1":1,"2":1,"3":1},"f":{"0":1},"b":{},"_coverageSchema":"1a1c01bbd47fc00a2c39e90264f33305004495a9","hash":"6e471d3a7f6fdc4bc5110183a5e064cb5973da48"}
,"/Users/samuel/Desktop/GIT_REPO/Samuel/bank/kuboyd/services/transaction.services.js": {"path":"/Users/samuel/Desktop/GIT_REPO/Samuel/bank/kuboyd/services/transaction.services.js","statementMap":{"0":{"start":{"line":1,"column":11},"end":{"line":1,"column":39}},"1":{"start":{"line":2,"column":16},"end":{"line":2,"column":51}},"2":{"start":{"line":3,"column":19},"end":{"line":3,"column":58}},"3":{"start":{"line":5,"column":0},"end":{"line":21,"column":2}},"4":{"start":{"line":7,"column":23},"end":{"line":10,"column":6}},"5":{"start":{"line":11,"column":4},"end":{"line":11,"column":24}},"6":{"start":{"line":15,"column":19},"end":{"line":18,"column":6}},"7":{"start":{"line":19,"column":4},"end":{"line":19,"column":18}}},"fnMap":{"0":{"name":"(anonymous_0)","decl":{"start":{"line":6,"column":12},"end":{"line":6,"column":13}},"loc":{"start":{"line":6,"column":48},"end":{"line":12,"column":3}},"line":6},"1":{"name":"(anonymous_1)","decl":{"start":{"line":14,"column":11},"end":{"line":14,"column":12}},"loc":{"start":{"line":14,"column":43},"end":{"line":20,"column":3}},"line":14}},"branchMap":{},"s":{"0":1,"1":1,"2":1,"3":1,"4":0,"5":0,"6":0,"7":0},"f":{"0":0,"1":0},"b":{},"_coverageSchema":"1a1c01bbd47fc00a2c39e90264f33305004495a9","hash":"aaa3dbb412cd4c9b5fa4ba82ac02dc13ba6beedb"}
,"/Users/samuel/Desktop/GIT_REPO/Samuel/bank/kuboyd/utils/db.utils.js": {"path":"/Users/samuel/Desktop/GIT_REPO/Samuel/bank/kuboyd/utils/db.utils.js","statementMap":{"0":{"start":{"line":2,"column":0},"end":{"line":78,"column":2}},"1":{"start":{"line":3,"column":19},"end":{"line":3,"column":55}},"2":{"start":{"line":5,"column":27},"end":{"line":5,"column":53}},"3":{"start":{"line":7,"column":33},"end":{"line":7,"column":64}},"4":{"start":{"line":9,"column":40},"end":{"line":9,"column":71}},"5":{"start":{"line":12,"column":4},"end":{"line":12,"column":47}},"6":{"start":{"line":15,"column":4},"end":{"line":15,"column":55}},"7":{"start":{"line":18,"column":4},"end":{"line":22,"column":5}},"8":{"start":{"line":25,"column":4},"end":{"line":29,"column":5}},"9":{"start":{"line":32,"column":4},"end":{"line":36,"column":5}},"10":{"start":{"line":39,"column":4},"end":{"line":43,"column":5}},"11":{"start":{"line":46,"column":4},"end":{"line":50,"column":5}},"12":{"start":{"line":53,"column":4},"end":{"line":57,"column":5}},"13":{"start":{"line":59,"column":28},"end":{"line":59,"column":63}},"14":{"start":{"line":62,"column":4},"end":{"line":65,"column":5}},"15":{"start":{"line":68,"column":4},"end":{"line":71,"column":5}},"16":{"start":{"line":74,"column":4},"end":{"line":77,"column":5}}},"fnMap":{"0":{"name":"(anonymous_0)","decl":{"start":{"line":3,"column":8},"end":{"line":3,"column":9}},"loc":{"start":{"line":3,"column":19},"end":{"line":3,"column":55}},"line":3},"1":{"name":"(anonymous_1)","decl":{"start":{"line":5,"column":12},"end":{"line":5,"column":13}},"loc":{"start":{"line":5,"column":27},"end":{"line":5,"column":53}},"line":5},"2":{"name":"(anonymous_2)","decl":{"start":{"line":7,"column":15},"end":{"line":7,"column":16}},"loc":{"start":{"line":7,"column":33},"end":{"line":7,"column":64}},"line":7},"3":{"name":"(anonymous_3)","decl":{"start":{"line":9,"column":22},"end":{"line":9,"column":23}},"loc":{"start":{"line":9,"column":40},"end":{"line":9,"column":71}},"line":9},"4":{"name":"(anonymous_4)","decl":{"start":{"line":11,"column":23},"end":{"line":11,"column":24}},"loc":{"start":{"line":12,"column":4},"end":{"line":12,"column":47}},"line":12},"5":{"name":"(anonymous_5)","decl":{"start":{"line":14,"column":14},"end":{"line":14,"column":15}},"loc":{"start":{"line":15,"column":4},"end":{"line":15,"column":55}},"line":15},"6":{"name":"(anonymous_6)","decl":{"start":{"line":17,"column":17},"end":{"line":17,"column":18}},"loc":{"start":{"line":18,"column":4},"end":{"line":22,"column":5}},"line":18},"7":{"name":"(anonymous_7)","decl":{"start":{"line":24,"column":27},"end":{"line":24,"column":28}},"loc":{"start":{"line":25,"column":4},"end":{"line":29,"column":5}},"line":25},"8":{"name":"(anonymous_8)","decl":{"start":{"line":31,"column":14},"end":{"line":31,"column":15}},"loc":{"start":{"line":32,"column":4},"end":{"line":36,"column":5}},"line":32},"9":{"name":"(anonymous_9)","decl":{"start":{"line":38,"column":20},"end":{"line":38,"column":21}},"loc":{"start":{"line":39,"column":4},"end":{"line":43,"column":5}},"line":39},"10":{"name":"(anonymous_10)","decl":{"start":{"line":45,"column":20},"end":{"line":45,"column":21}},"loc":{"start":{"line":46,"column":4},"end":{"line":50,"column":5}},"line":46},"11":{"name":"(anonymous_11)","decl":{"start":{"line":52,"column":26},"end":{"line":52,"column":27}},"loc":{"start":{"line":53,"column":4},"end":{"line":57,"column":5}},"line":53},"12":{"name":"(anonymous_12)","decl":{"start":{"line":59,"column":13},"end":{"line":59,"column":14}},"loc":{"start":{"line":59,"column":28},"end":{"line":59,"column":63}},"line":59},"13":{"name":"(anonymous_13)","decl":{"start":{"line":61,"column":18},"end":{"line":61,"column":19}},"loc":{"start":{"line":62,"column":4},"end":{"line":65,"column":5}},"line":62},"14":{"name":"(anonymous_14)","decl":{"start":{"line":67,"column":25},"end":{"line":67,"column":26}},"loc":{"start":{"line":68,"column":4},"end":{"line":71,"column":5}},"line":68},"15":{"name":"(anonymous_15)","decl":{"start":{"line":73,"column":20},"end":{"line":73,"column":21}},"loc":{"start":{"line":74,"column":4},"end":{"line":77,"column":5}},"line":74}},"branchMap":{},"s":{"0":1,"1":0,"2":0,"3":0,"4":0,"5":0,"6":0,"7":0,"8":0,"9":0,"10":0,"11":0,"12":0,"13":0,"14":0,"15":0,"16":0},"f":{"0":0,"1":0,"2":0,"3":0,"4":0,"5":0,"6":0,"7":0,"8":0,"9":0,"10":0,"11":0,"12":0,"13":0,"14":0,"15":0},"b":{},"_coverageSchema":"1a1c01bbd47fc00a2c39e90264f33305004495a9","hash":"b563ca0a3c5b68af6fc092f6972509dbfc2b18d7"}
,"/Users/samuel/Desktop/GIT_REPO/Samuel/bank/kuboyd/utils/gen.utils.js": {"path":"/Users/samuel/Desktop/GIT_REPO/Samuel/bank/kuboyd/utils/gen.utils.js","statementMap":{"0":{"start":{"line":3,"column":19},"end":{"line":3,"column":38}},"1":{"start":{"line":4,"column":0},"end":{"line":7,"column":2}},"2":{"start":{"line":6,"column":24},"end":{"line":6,"column":58}}},"fnMap":{"0":{"name":"(anonymous_0)","decl":{"start":{"line":6,"column":14},"end":{"line":6,"column":15}},"loc":{"start":{"line":6,"column":24},"end":{"line":6,"column":58}},"line":6}},"branchMap":{},"s":{"0":1,"1":1,"2":0},"f":{"0":0},"b":{},"_coverageSchema":"1a1c01bbd47fc00a2c39e90264f33305004495a9","hash":"c030a201cf5a42a61a2563cdddf596d07dcc3216"}
}
